<?xml version="1.0" encoding="UTF-8"?>
<!-- Generated by org.testng.reporters.JUnitXMLReporter -->
<testsuite ignored="0" hostname="DESKTOP-02956BS" failures="0" tests="4" name="Test" time="114.924" errors="0" timestamp="2022-11-29T15:35:14 IST">
  <testcase classname="DynamicWebTable.FifthCheckBox" name="fifthCheckbox" time="39.129"/>
  <testcase classname="DynamicWebTable.CaptureOrganizationNames" name="captureOrganizationNames" time="22.888"/>
  <testcase classname="DynamicWebTable.DeleteFourthCheckBox" name="deleteFourthheckBox" time="29.223"/>
  <testcase classname="DynamicWebTable.AllCheckBoxes" name="allCheckBoxes" time="23.568"/>
</testsuite> <!-- Test -->
