<?xml version="1.0" encoding="UTF-8"?>
<!-- Generated by org.testng.reporters.JUnitXMLReporter -->
<testsuite ignored="6" hostname="DESKTOP-02956BS" failures="0" tests="2" name="Test" time="71.025" errors="0" timestamp="2022-11-24T12:56:15 IST">
  <testcase classname="Vtiger.GenericLibraries.BaseClass" name="@AfterTest acConfigration" time="0.003">
    <failure type="java.lang.NullPointerException" message="Cannot invoke &amp;quot;org.openqa.selenium.WebDriver.quit()&amp;quot; because &amp;quot;this.driver&amp;quot; is null">
      <![CDATA[java.lang.NullPointerException: Cannot invoke "org.openqa.selenium.WebDriver.quit()" because "this.driver" is null
at Vtiger.GenericLibraries.BaseClass.acConfigration(BaseClass.java:100)
... Removed 24 stack frames]]>
    </failure>
  </testcase> <!-- @AfterTest acConfigration -->
  <testcase classname="Vtiger.ContactsModule.CreateContactTest" name="CreateContactDemoTest" time="0.071"/>
  <testcase classname="Vtiger.ContactsModule.CreateContactTest" name="createContactTest" time="28.663"/>
  <testcase classname="Vtiger.GenericLibraries.BaseClass" name="@BeforeSuite bsConfigration" time="0.0">
    <ignored/>
  </testcase> <!-- @BeforeSuite bsConfigration -->
  <testcase classname="Vtiger.GenericLibraries.BaseClass" name="@AfterTest acConfigration" time="0.0">
    <ignored/>
  </testcase> <!-- @AfterTest acConfigration -->
  <testcase classname="Vtiger.GenericLibraries.BaseClass" name="@AfterSuite asConfigration" time="0.0">
    <ignored/>
  </testcase> <!-- @AfterSuite asConfigration -->
  <testcase classname="Vtiger.ContactsModule.CreateContactWithOrganizationTest" name="createContactWithOrganizationTest" time="0.0">
    <ignored/>
  </testcase> <!-- createContactWithOrganizationTest -->
  <testcase classname="Vtiger.ContactsModule.CreateContactTest" name="createContactWithLeadSourceAndOrganization" time="0.0">
    <ignored/>
  </testcase> <!-- createContactWithLeadSourceAndOrganization -->
  <testcase classname="Vtiger.ContactsModule.CreateContactTest" name="CreateContactwithLeadSource" time="0.0">
    <ignored/>
  </testcase> <!-- CreateContactwithLeadSource -->
</testsuite> <!-- Test -->
